# JRE version: OpenJDK Runtime Environment (8.0_242-b01) (build 1.8.0_242-release-1644-b01)
# Java VM: OpenJDK 64-Bit Server VM (25.242-b01 mixed mode windows-amd64 compressed oops)
Heap:
 PSYoungGen      total 234496K, used 137057K [0x00000000d5580000, 0x00000000e5e80000, 0x0000000100000000)
  eden space 210944K, 56% used [0x00000000d5580000,0x00000000dca9b620,0x00000000e2380000)
  from space 23552K, 72% used [0x00000000e4780000,0x00000000e583d1a8,0x00000000e5e80000)
  to   space 30208K, 0% used [0x00000000e2380000,0x00000000e2380000,0x00000000e4100000)
 ParOldGen       total 201728K, used 62592K [0x0000000080000000, 0x000000008c500000, 0x00000000d5580000)
  object space 201728K, 31% used [0x0000000080000000,0x0000000083d20378,0x000000008c500000)
 Metaspace       used 101235K, capacity 106382K, committed 106700K, reserved 1142784K
  class space    used 13452K, capacity 14494K, committed 14580K, reserved 1048576K
GC Heap History (10 events):
Event: 61.311 GC heap before
{Heap before GC invocations=18 (full 3):
 PSYoungGen      total 218624K, used 218622K [0x00000000d5580000, 0x00000000e4600000, 0x0000000100000000)
  eden space 198144K, 100% used [0x00000000d5580000,0x00000000e1700000,0x00000000e1700000)
  from space 20480K, 99% used [0x00000000e2f80000,0x00000000e437fbf0,0x00000000e4380000)
  to   space 24064K, 0% used [0x00000000e1700000,0x00000000e1700000,0x00000000e2e80000)
 ParOldGen       total 132096K, used 37295K [0x0000000080000000, 0x0000000088100000, 0x00000000d5580000)
  object space 132096K, 28% used [0x0000000080000000,0x000000008246bf98,0x0000000088100000)
 Metaspace       used 84696K, capacity 89192K, committed 89236K, reserved 1126400K
  class space    used 11562K, capacity 12441K, committed 12476K, reserved 1048576K
Event: 61.369 GC heap after
Heap after GC invocations=18 (full 3):
 PSYoungGen      total 222208K, used 19516K [0x00000000d5580000, 0x00000000e7880000, 0x0000000100000000)
  eden space 198144K, 0% used [0x00000000d5580000,0x00000000d5580000,0x00000000e1700000)
  from space 24064K, 81% used [0x00000000e1700000,0x00000000e2a0f030,0x00000000e2e80000)
  to   space 26112K, 0% used [0x00000000e5f00000,0x00000000e5f00000,0x00000000e7880000)
 ParOldGen       total 132096K, used 52163K [0x0000000080000000, 0x0000000088100000, 0x00000000d5580000)
  object space 132096K, 39% used [0x0000000080000000,0x00000000832f0c08,0x0000000088100000)
 Metaspace       used 84696K, capacity 89192K, committed 89236K, reserved 1126400K
  class space    used 11562K, capacity 12441K, committed 12476K, reserved 1048576K
}
Event: 865.056 GC heap before
{Heap before GC invocations=19 (full 3):
 PSYoungGen      total 222208K, used 217660K [0x00000000d5580000, 0x00000000e7880000, 0x0000000100000000)
  eden space 198144K, 100% used [0x00000000d5580000,0x00000000e1700000,0x00000000e1700000)
  from space 24064K, 81% used [0x00000000e1700000,0x00000000e2a0f030,0x00000000e2e80000)
  to   space 26112K, 0% used [0x00000000e5f00000,0x00000000e5f00000,0x00000000e7880000)
 ParOldGen       total 132096K, used 52163K [0x0000000080000000, 0x0000000088100000, 0x00000000d5580000)
  object space 132096K, 39% used [0x0000000080000000,0x00000000832f0c08,0x0000000088100000)
 Metaspace       used 89797K, capacity 94488K, committed 94612K, reserved 1130496K
  class space    used 12007K, capacity 12951K, committed 12988K, reserved 1048576K
Event: 865.162 GC heap after
Heap after GC invocations=19 (full 3):
 PSYoungGen      total 217600K, used 26104K [0x00000000d5580000, 0x00000000e7880000, 0x0000000100000000)
  eden space 191488K, 0% used [0x00000000d5580000,0x00000000d5580000,0x00000000e1080000)
  from space 26112K, 99% used [0x00000000e5f00000,0x00000000e787e258,0x00000000e7880000)
  to   space 32256K, 0% used [0x00000000e3980000,0x00000000e3980000,0x00000000e5900000)
 ParOldGen       total 132096K, used 57981K [0x0000000080000000, 0x0000000088100000, 0x00000000d5580000)
  object space 132096K, 43% used [0x0000000080000000,0x000000008389f678,0x0000000088100000)
 Metaspace       used 89797K, capacity 94488K, committed 94612K, reserved 1130496K
  class space    used 12007K, capacity 12951K, committed 12988K, reserved 1048576K
}
Event: 880.627 GC heap before
{Heap before GC invocations=20 (full 3):
 PSYoungGen      total 217600K, used 184444K [0x00000000d5580000, 0x00000000e7880000, 0x0000000100000000)
  eden space 191488K, 82% used [0x00000000d5580000,0x00000000df020f68,0x00000000e1080000)
  from space 26112K, 99% used [0x00000000e5f00000,0x00000000e787e258,0x00000000e7880000)
  to   space 32256K, 0% used [0x00000000e3980000,0x00000000e3980000,0x00000000e5900000)
 ParOldGen       total 132096K, used 57981K [0x0000000080000000, 0x0000000088100000, 0x00000000d5580000)
  object space 132096K, 43% used [0x0000000080000000,0x000000008389f678,0x0000000088100000)
 Metaspace       used 93470K, capacity 98276K, committed 98380K, reserved 1134592K
  class space    used 12430K, capacity 13383K, committed 13428K, reserved 1048576K
Event: 880.701 GC heap after
Heap after GC invocations=20 (full 3):
 PSYoungGen      total 199680K, used 14175K [0x00000000d5580000, 0x00000000e5f80000, 0x0000000100000000)
  eden space 185344K, 0% used [0x00000000d5580000,0x00000000d5580000,0x00000000e0a80000)
  from space 14336K, 98% used [0x00000000e3980000,0x00000000e4757ce8,0x00000000e4780000)
  to   space 24576K, 0% used [0x00000000e4780000,0x00000000e4780000,0x00000000e5f80000)
 ParOldGen       total 132096K, used 82903K [0x0000000080000000, 0x0000000088100000, 0x00000000d5580000)
  object space 132096K, 62% used [0x0000000080000000,0x00000000850f5e08,0x0000000088100000)
 Metaspace       used 93470K, capacity 98276K, committed 98380K, reserved 1134592K
  class space    used 12430K, capacity 13383K, committed 13428K, reserved 1048576K
}
Event: 880.730 GC heap before
{Heap before GC invocations=21 (full 4):
 PSYoungGen      total 199680K, used 14175K [0x00000000d5580000, 0x00000000e5f80000, 0x0000000100000000)
  eden space 185344K, 0% used [0x00000000d5580000,0x00000000d5580000,0x00000000e0a80000)
  from space 14336K, 98% used [0x00000000e3980000,0x00000000e4757ce8,0x00000000e4780000)
  to   space 24576K, 0% used [0x00000000e4780000,0x00000000e4780000,0x00000000e5f80000)
 ParOldGen       total 132096K, used 82903K [0x0000000080000000, 0x0000000088100000, 0x00000000d5580000)
  object space 132096K, 62% used [0x0000000080000000,0x00000000850f5e08,0x0000000088100000)
 Metaspace       used 93470K, capacity 98276K, committed 98380K, reserved 1134592K
  class space    used 12430K, capacity 13383K, committed 13428K, reserved 1048576K
Event: 881.403 GC heap after
Heap after GC invocations=21 (full 4):
 PSYoungGen      total 199680K, used 0K [0x00000000d5580000, 0x00000000e5f80000, 0x0000000100000000)
  eden space 185344K, 0% used [0x00000000d5580000,0x00000000d5580000,0x00000000e0a80000)
  from space 14336K, 0% used [0x00000000e3980000,0x00000000e3980000,0x00000000e4780000)
  to   space 24576K, 0% used [0x00000000e4780000,0x00000000e4780000,0x00000000e5f80000)
 ParOldGen       total 201728K, used 62584K [0x0000000080000000, 0x000000008c500000, 0x00000000d5580000)
  object space 201728K, 31% used [0x0000000080000000,0x0000000083d1e378,0x000000008c500000)
 Metaspace       used 93324K, capacity 97846K, committed 98380K, reserved 1134592K
  class space    used 12383K, capacity 13300K, committed 13428K, reserved 1048576K
}
Event: 890.419 GC heap before
{Heap before GC invocations=22 (full 4):
 PSYoungGen      total 199680K, used 185344K [0x00000000d5580000, 0x00000000e5f80000, 0x0000000100000000)
  eden space 185344K, 100% used [0x00000000d5580000,0x00000000e0a80000,0x00000000e0a80000)
  from space 14336K, 0% used [0x00000000e3980000,0x00000000e3980000,0x00000000e4780000)
  to   space 24576K, 0% used [0x00000000e4780000,0x00000000e4780000,0x00000000e5f80000)
 ParOldGen       total 201728K, used 62584K [0x0000000080000000, 0x000000008c500000, 0x00000000d5580000)
  object space 201728K, 31% used [0x0000000080000000,0x0000000083d1e378,0x000000008c500000)
 Metaspace       used 98266K, capacity 103260K, committed 103372K, reserved 1138688K
  class space    used 13045K, capacity 14041K, committed 14068K, reserved 1048576K
Event: 890.452 GC heap after
Heap after GC invocations=22 (full 4):
 PSYoungGen      total 234496K, used 17140K [0x00000000d5580000, 0x00000000e5e80000, 0x0000000100000000)
  eden space 210944K, 0% used [0x00000000d5580000,0x00000000d5580000,0x00000000e2380000)
  from space 23552K, 72% used [0x00000000e4780000,0x00000000e583d1a8,0x00000000e5e80000)
  to   space 30208K, 0% used [0x00000000e2380000,0x00000000e2380000,0x00000000e4100000)
 ParOldGen       total 201728K, used 62592K [0x0000000080000000, 0x000000008c500000, 0x00000000d5580000)
  object space 201728K, 31% used [0x0000000080000000,0x0000000083d20378,0x000000008c500000)
 Metaspace       used 98266K, capacity 103260K, committed 103372K, reserved 1138688K
  class space    used 13045K, capacity 14041K, committed 14068K, reserved 1048576K
}

