# JRE version: OpenJDK Runtime Environment (8.0_242-b01) (build 1.8.0_242-release-1644-b01)
# Java VM: OpenJDK 64-Bit Server VM (25.242-b01 mixed mode windows-amd64 compressed oops)
Heap:
 PSYoungGen      total 190464K, used 25805K [0x00000000d5580000, 0x00000000e3300000, 0x0000000100000000)
  eden space 173568K, 5% used [0x00000000d5580000,0x00000000d5f3e630,0x00000000dff00000)
  from space 16896K, 93% used [0x00000000dff00000,0x00000000e0e75140,0x00000000e0f80000)
  to   space 15872K, 0% used [0x00000000e0f80000,0x00000000e0f80000,0x00000000e1f00000)
 ParOldGen       total 140288K, used 38860K [0x0000000080000000, 0x0000000088900000, 0x00000000d5580000)
  object space 140288K, 27% used [0x0000000080000000,0x00000000825f3050,0x0000000088900000)
 Metaspace       used 66899K, capacity 69846K, committed 69908K, reserved 1110016K
  class space    used 9179K, capacity 9763K, committed 9788K, reserved 1048576K
GC Heap History (10 events):
Event: 13.599 GC heap before
{Heap before GC invocations=12 (full 2):
 PSYoungGen      total 117248K, used 105472K [0x00000000d5580000, 0x00000000e0000000, 0x0000000100000000)
  eden space 105472K, 100% used [0x00000000d5580000,0x00000000dbc80000,0x00000000dbc80000)
  from space 11776K, 0% used [0x00000000dbc80000,0x00000000dbc80000,0x00000000dc800000)
  to   space 11776K, 0% used [0x00000000df480000,0x00000000df480000,0x00000000e0000000)
 ParOldGen       total 86016K, used 15147K [0x0000000080000000, 0x0000000085400000, 0x00000000d5580000)
  object space 86016K, 17% used [0x0000000080000000,0x0000000080ecacb8,0x0000000085400000)
 Metaspace       used 38632K, capacity 40472K, committed 40536K, reserved 1083392K
  class space    used 5317K, capacity 5701K, committed 5760K, reserved 1048576K
Event: 13.625 GC heap after
Heap after GC invocations=12 (full 2):
 PSYoungGen      total 145408K, used 9172K [0x00000000d5580000, 0x00000000dfd80000, 0x0000000100000000)
  eden space 136192K, 0% used [0x00000000d5580000,0x00000000d5580000,0x00000000dda80000)
  from space 9216K, 99% used [0x00000000df480000,0x00000000dfd752e0,0x00000000dfd80000)
  to   space 12288K, 0% used [0x00000000de580000,0x00000000de580000,0x00000000df180000)
 ParOldGen       total 86016K, used 15155K [0x0000000080000000, 0x0000000085400000, 0x00000000d5580000)
  object space 86016K, 17% used [0x0000000080000000,0x0000000080ecccb8,0x0000000085400000)
 Metaspace       used 38632K, capacity 40472K, committed 40536K, reserved 1083392K
  class space    used 5317K, capacity 5701K, committed 5760K, reserved 1048576K
}
Event: 16.322 GC heap before
{Heap before GC invocations=13 (full 2):
 PSYoungGen      total 145408K, used 145364K [0x00000000d5580000, 0x00000000dfd80000, 0x0000000100000000)
  eden space 136192K, 100% used [0x00000000d5580000,0x00000000dda80000,0x00000000dda80000)
  from space 9216K, 99% used [0x00000000df480000,0x00000000dfd752e0,0x00000000dfd80000)
  to   space 12288K, 0% used [0x00000000de580000,0x00000000de580000,0x00000000df180000)
 ParOldGen       total 86016K, used 15155K [0x0000000080000000, 0x0000000085400000, 0x00000000d5580000)
  object space 86016K, 17% used [0x0000000080000000,0x0000000080ecccb8,0x0000000085400000)
 Metaspace       used 48330K, capacity 50410K, committed 50776K, reserved 1093632K
  class space    used 6519K, capacity 6945K, committed 7040K, reserved 1048576K
Event: 16.367 GC heap after
Heap after GC invocations=13 (full 2):
 PSYoungGen      total 159744K, used 12268K [0x00000000d5580000, 0x00000000e1f00000, 0x0000000100000000)
  eden space 147456K, 0% used [0x00000000d5580000,0x00000000d5580000,0x00000000de580000)
  from space 12288K, 99% used [0x00000000de580000,0x00000000df17b310,0x00000000df180000)
  to   space 15872K, 0% used [0x00000000e0f80000,0x00000000e0f80000,0x00000000e1f00000)
 ParOldGen       total 86016K, used 21535K [0x0000000080000000, 0x0000000085400000, 0x00000000d5580000)
  object space 86016K, 25% used [0x0000000080000000,0x0000000081507da0,0x0000000085400000)
 Metaspace       used 48330K, capacity 50410K, committed 50776K, reserved 1093632K
  class space    used 6519K, capacity 6945K, committed 7040K, reserved 1048576K
}
Event: 18.971 GC heap before
{Heap before GC invocations=14 (full 2):
 PSYoungGen      total 159744K, used 115755K [0x00000000d5580000, 0x00000000e1f00000, 0x0000000100000000)
  eden space 147456K, 70% used [0x00000000d5580000,0x00000000dba8fc70,0x00000000de580000)
  from space 12288K, 99% used [0x00000000de580000,0x00000000df17b310,0x00000000df180000)
  to   space 15872K, 0% used [0x00000000e0f80000,0x00000000e0f80000,0x00000000e1f00000)
 ParOldGen       total 86016K, used 21535K [0x0000000080000000, 0x0000000085400000, 0x00000000d5580000)
  object space 86016K, 25% used [0x0000000080000000,0x0000000081507da0,0x0000000085400000)
 Metaspace       used 56578K, capacity 58996K, committed 59028K, reserved 1099776K
  class space    used 7597K, capacity 8114K, committed 8124K, reserved 1048576K
Event: 19.077 GC heap after
Heap after GC invocations=14 (full 2):
 PSYoungGen      total 189440K, used 13356K [0x00000000d5580000, 0x00000000e3300000, 0x0000000100000000)
  eden space 173568K, 0% used [0x00000000d5580000,0x00000000d5580000,0x00000000dff00000)
  from space 15872K, 84% used [0x00000000e0f80000,0x00000000e1c8b340,0x00000000e1f00000)
  to   space 16896K, 0% used [0x00000000dff00000,0x00000000dff00000,0x00000000e0f80000)
 ParOldGen       total 86016K, used 33593K [0x0000000080000000, 0x0000000085400000, 0x00000000d5580000)
  object space 86016K, 39% used [0x0000000080000000,0x00000000820ce438,0x0000000085400000)
 Metaspace       used 56578K, capacity 58996K, committed 59028K, reserved 1099776K
  class space    used 7597K, capacity 8114K, committed 8124K, reserved 1048576K
}
Event: 19.077 GC heap before
{Heap before GC invocations=15 (full 3):
 PSYoungGen      total 189440K, used 13356K [0x00000000d5580000, 0x00000000e3300000, 0x0000000100000000)
  eden space 173568K, 0% used [0x00000000d5580000,0x00000000d5580000,0x00000000dff00000)
  from space 15872K, 84% used [0x00000000e0f80000,0x00000000e1c8b340,0x00000000e1f00000)
  to   space 16896K, 0% used [0x00000000dff00000,0x00000000dff00000,0x00000000e0f80000)
 ParOldGen       total 86016K, used 33593K [0x0000000080000000, 0x0000000085400000, 0x00000000d5580000)
  object space 86016K, 39% used [0x0000000080000000,0x00000000820ce438,0x0000000085400000)
 Metaspace       used 56578K, capacity 58996K, committed 59028K, reserved 1099776K
  class space    used 7597K, capacity 8114K, committed 8124K, reserved 1048576K
Event: 19.699 GC heap after
Heap after GC invocations=15 (full 3):
 PSYoungGen      total 189440K, used 0K [0x00000000d5580000, 0x00000000e3300000, 0x0000000100000000)
  eden space 173568K, 0% used [0x00000000d5580000,0x00000000d5580000,0x00000000dff00000)
  from space 15872K, 0% used [0x00000000e0f80000,0x00000000e0f80000,0x00000000e1f00000)
  to   space 16896K, 0% used [0x00000000dff00000,0x00000000dff00000,0x00000000e0f80000)
 ParOldGen       total 140288K, used 38852K [0x0000000080000000, 0x0000000088900000, 0x00000000d5580000)
  object space 140288K, 27% used [0x0000000080000000,0x00000000825f1050,0x0000000088900000)
 Metaspace       used 56575K, capacity 58984K, committed 59028K, reserved 1099776K
  class space    used 7595K, capacity 8112K, committed 8124K, reserved 1048576K
}
Event: 24.704 GC heap before
{Heap before GC invocations=16 (full 3):
 PSYoungGen      total 189440K, used 173568K [0x00000000d5580000, 0x00000000e3300000, 0x0000000100000000)
  eden space 173568K, 100% used [0x00000000d5580000,0x00000000dff00000,0x00000000dff00000)
  from space 15872K, 0% used [0x00000000e0f80000,0x00000000e0f80000,0x00000000e1f00000)
  to   space 16896K, 0% used [0x00000000dff00000,0x00000000dff00000,0x00000000e0f80000)
 ParOldGen       total 140288K, used 38852K [0x0000000080000000, 0x0000000088900000, 0x00000000d5580000)
  object space 140288K, 27% used [0x0000000080000000,0x00000000825f1050,0x0000000088900000)
 Metaspace       used 66554K, capacity 69430K, committed 69652K, reserved 1110016K
  class space    used 9131K, capacity 9689K, committed 9788K, reserved 1048576K
Event: 24.738 GC heap after
Heap after GC invocations=16 (full 3):
 PSYoungGen      total 190464K, used 15828K [0x00000000d5580000, 0x00000000e3300000, 0x0000000100000000)
  eden space 173568K, 0% used [0x00000000d5580000,0x00000000d5580000,0x00000000dff00000)
  from space 16896K, 93% used [0x00000000dff00000,0x00000000e0e75140,0x00000000e0f80000)
  to   space 15872K, 0% used [0x00000000e0f80000,0x00000000e0f80000,0x00000000e1f00000)
 ParOldGen       total 140288K, used 38860K [0x0000000080000000, 0x0000000088900000, 0x00000000d5580000)
  object space 140288K, 27% used [0x0000000080000000,0x00000000825f3050,0x0000000088900000)
 Metaspace       used 66554K, capacity 69430K, committed 69652K, reserved 1110016K
  class space    used 9131K, capacity 9689K, committed 9788K, reserved 1048576K
}

