# JRE version: OpenJDK Runtime Environment (8.0_242-b01) (build 1.8.0_242-release-1644-b01)
# Java VM: OpenJDK 64-Bit Server VM (25.242-b01 mixed mode windows-amd64 compressed oops)
Heap:
 PSYoungGen      total 237568K, used 130208K [0x00000000d5580000, 0x00000000e6080000, 0x0000000100000000)
  eden space 217088K, 50% used [0x00000000d5580000,0x00000000dc0aa1f0,0x00000000e2980000)
  from space 20480K, 99% used [0x00000000e4300000,0x00000000e56fe060,0x00000000e5700000)
  to   space 26112K, 0% used [0x00000000e2980000,0x00000000e2980000,0x00000000e4300000)
 ParOldGen       total 106496K, used 42670K [0x0000000080000000, 0x0000000086800000, 0x00000000d5580000)
  object space 106496K, 40% used [0x0000000080000000,0x00000000829abab0,0x0000000086800000)
 Metaspace       used 79429K, capacity 82922K, committed 83224K, reserved 1120256K
  class space    used 10829K, capacity 11483K, committed 11568K, reserved 1048576K
GC Heap History (10 events):
Event: 34.089 GC heap before
{Heap before GC invocations=15 (full 2):
 PSYoungGen      total 135168K, used 134701K [0x00000000d5580000, 0x00000000dee80000, 0x0000000100000000)
  eden space 127488K, 100% used [0x00000000d5580000,0x00000000dd200000,0x00000000dd200000)
  from space 7680K, 93% used [0x00000000de700000,0x00000000dee0b4f8,0x00000000dee80000)
  to   space 12800K, 0% used [0x00000000dd580000,0x00000000dd580000,0x00000000de200000)
 ParOldGen       total 67072K, used 14225K [0x0000000080000000, 0x0000000084180000, 0x00000000d5580000)
  object space 67072K, 21% used [0x0000000080000000,0x0000000080de46b0,0x0000000084180000)
 Metaspace       used 48807K, capacity 50616K, committed 50728K, reserved 1093632K
  class space    used 6562K, capacity 6932K, committed 6960K, reserved 1048576K
Event: 34.119 GC heap after
Heap after GC invocations=15 (full 2):
 PSYoungGen      total 143872K, used 12788K [0x00000000d5580000, 0x00000000e2200000, 0x0000000100000000)
  eden space 131072K, 0% used [0x00000000d5580000,0x00000000d5580000,0x00000000dd580000)
  from space 12800K, 99% used [0x00000000dd580000,0x00000000de1fd118,0x00000000de200000)
  to   space 17408K, 0% used [0x00000000e1100000,0x00000000e1100000,0x00000000e2200000)
 ParOldGen       total 67072K, used 22306K [0x0000000080000000, 0x0000000084180000, 0x00000000d5580000)
  object space 67072K, 33% used [0x0000000080000000,0x00000000815c89f0,0x0000000084180000)
 Metaspace       used 48807K, capacity 50616K, committed 50728K, reserved 1093632K
  class space    used 6562K, capacity 6932K, committed 6960K, reserved 1048576K
}
Event: 39.301 GC heap before
{Heap before GC invocations=16 (full 2):
 PSYoungGen      total 143872K, used 108597K [0x00000000d5580000, 0x00000000e2200000, 0x0000000100000000)
  eden space 131072K, 73% used [0x00000000d5580000,0x00000000db310668,0x00000000dd580000)
  from space 12800K, 99% used [0x00000000dd580000,0x00000000de1fd118,0x00000000de200000)
  to   space 17408K, 0% used [0x00000000e1100000,0x00000000e1100000,0x00000000e2200000)
 ParOldGen       total 67072K, used 22306K [0x0000000080000000, 0x0000000084180000, 0x00000000d5580000)
  object space 67072K, 33% used [0x0000000080000000,0x00000000815c89f0,0x0000000084180000)
 Metaspace       used 56795K, capacity 59014K, committed 59160K, reserved 1099776K
  class space    used 7699K, capacity 8152K, committed 8240K, reserved 1048576K
Event: 39.328 GC heap after
Heap after GC invocations=16 (full 2):
 PSYoungGen      total 190976K, used 12240K [0x00000000d5580000, 0x00000000e2500000, 0x0000000100000000)
  eden space 173568K, 0% used [0x00000000d5580000,0x00000000d5580000,0x00000000dff00000)
  from space 17408K, 70% used [0x00000000e1100000,0x00000000e1cf4010,0x00000000e2200000)
  to   space 18432K, 0% used [0x00000000dff00000,0x00000000dff00000,0x00000000e1100000)
 ParOldGen       total 67072K, used 29227K [0x0000000080000000, 0x0000000084180000, 0x00000000d5580000)
  object space 67072K, 43% used [0x0000000080000000,0x0000000081c8ae68,0x0000000084180000)
 Metaspace       used 56795K, capacity 59014K, committed 59160K, reserved 1099776K
  class space    used 7699K, capacity 8152K, committed 8240K, reserved 1048576K
}
Event: 39.328 GC heap before
{Heap before GC invocations=17 (full 3):
 PSYoungGen      total 190976K, used 12240K [0x00000000d5580000, 0x00000000e2500000, 0x0000000100000000)
  eden space 173568K, 0% used [0x00000000d5580000,0x00000000d5580000,0x00000000dff00000)
  from space 17408K, 70% used [0x00000000e1100000,0x00000000e1cf4010,0x00000000e2200000)
  to   space 18432K, 0% used [0x00000000dff00000,0x00000000dff00000,0x00000000e1100000)
 ParOldGen       total 67072K, used 29227K [0x0000000080000000, 0x0000000084180000, 0x00000000d5580000)
  object space 67072K, 43% used [0x0000000080000000,0x0000000081c8ae68,0x0000000084180000)
 Metaspace       used 56795K, capacity 59014K, committed 59160K, reserved 1099776K
  class space    used 7699K, capacity 8152K, committed 8240K, reserved 1048576K
Event: 39.680 GC heap after
Heap after GC invocations=17 (full 3):
 PSYoungGen      total 190976K, used 0K [0x00000000d5580000, 0x00000000e2500000, 0x0000000100000000)
  eden space 173568K, 0% used [0x00000000d5580000,0x00000000d5580000,0x00000000dff00000)
  from space 17408K, 0% used [0x00000000e1100000,0x00000000e1100000,0x00000000e2200000)
  to   space 18432K, 0% used [0x00000000dff00000,0x00000000dff00000,0x00000000e1100000)
 ParOldGen       total 106496K, used 36543K [0x0000000080000000, 0x0000000086800000, 0x00000000d5580000)
  object space 106496K, 34% used [0x0000000080000000,0x00000000823afe10,0x0000000086800000)
 Metaspace       used 56779K, capacity 58960K, committed 59160K, reserved 1099776K
  class space    used 7694K, capacity 8143K, committed 8240K, reserved 1048576K
}
Event: 46.986 GC heap before
{Heap before GC invocations=18 (full 3):
 PSYoungGen      total 190976K, used 173568K [0x00000000d5580000, 0x00000000e2500000, 0x0000000100000000)
  eden space 173568K, 100% used [0x00000000d5580000,0x00000000dff00000,0x00000000dff00000)
  from space 17408K, 0% used [0x00000000e1100000,0x00000000e1100000,0x00000000e2200000)
  to   space 18432K, 0% used [0x00000000dff00000,0x00000000dff00000,0x00000000e1100000)
 ParOldGen       total 106496K, used 36543K [0x0000000080000000, 0x0000000086800000, 0x00000000d5580000)
  object space 106496K, 34% used [0x0000000080000000,0x00000000823afe10,0x0000000086800000)
 Metaspace       used 65950K, capacity 68918K, committed 69016K, reserved 1107968K
  class space    used 9073K, capacity 9642K, committed 9648K, reserved 1048576K
Event: 47.015 GC heap after
Heap after GC invocations=18 (full 3):
 PSYoungGen      total 192000K, used 16919K [0x00000000d5580000, 0x00000000e5700000, 0x0000000100000000)
  eden space 173568K, 0% used [0x00000000d5580000,0x00000000d5580000,0x00000000dff00000)
  from space 18432K, 91% used [0x00000000dff00000,0x00000000e0f85c60,0x00000000e1100000)
  to   space 20480K, 0% used [0x00000000e4300000,0x00000000e4300000,0x00000000e5700000)
 ParOldGen       total 106496K, used 36551K [0x0000000080000000, 0x0000000086800000, 0x00000000d5580000)
  object space 106496K, 34% used [0x0000000080000000,0x00000000823b1e10,0x0000000086800000)
 Metaspace       used 65950K, capacity 68918K, committed 69016K, reserved 1107968K
  class space    used 9073K, capacity 9642K, committed 9648K, reserved 1048576K
}
Event: 53.106 GC heap before
{Heap before GC invocations=19 (full 3):
 PSYoungGen      total 192000K, used 190487K [0x00000000d5580000, 0x00000000e5700000, 0x0000000100000000)
  eden space 173568K, 100% used [0x00000000d5580000,0x00000000dff00000,0x00000000dff00000)
  from space 18432K, 91% used [0x00000000dff00000,0x00000000e0f85c60,0x00000000e1100000)
  to   space 20480K, 0% used [0x00000000e4300000,0x00000000e4300000,0x00000000e5700000)
 ParOldGen       total 106496K, used 36551K [0x0000000080000000, 0x0000000086800000, 0x00000000d5580000)
  object space 106496K, 34% used [0x0000000080000000,0x00000000823b1e10,0x0000000086800000)
 Metaspace       used 71614K, capacity 74808K, committed 75032K, reserved 1114112K
  class space    used 9785K, capacity 10433K, committed 10544K, reserved 1048576K
Event: 53.165 GC heap after
Heap after GC invocations=19 (full 3):
 PSYoungGen      total 237568K, used 20472K [0x00000000d5580000, 0x00000000e6080000, 0x0000000100000000)
  eden space 217088K, 0% used [0x00000000d5580000,0x00000000d5580000,0x00000000e2980000)
  from space 20480K, 99% used [0x00000000e4300000,0x00000000e56fe060,0x00000000e5700000)
  to   space 26112K, 0% used [0x00000000e2980000,0x00000000e2980000,0x00000000e4300000)
 ParOldGen       total 106496K, used 42670K [0x0000000080000000, 0x0000000086800000, 0x00000000d5580000)
  object space 106496K, 40% used [0x0000000080000000,0x00000000829abab0,0x0000000086800000)
 Metaspace       used 71614K, capacity 74808K, committed 75032K, reserved 1114112K
  class space    used 9785K, capacity 10433K, committed 10544K, reserved 1048576K
}

