# JRE version: OpenJDK Runtime Environment (8.0_242-b01) (build 1.8.0_242-release-1644-b01)
# Java VM: OpenJDK 64-Bit Server VM (25.242-b01 mixed mode windows-amd64 compressed oops)
Heap:
 PSYoungGen      total 139264K, used 22041K [0x00000000d5580000, 0x00000000dfe00000, 0x0000000100000000)
  eden space 129536K, 17% used [0x00000000d5580000,0x00000000d6b067f0,0x00000000dd400000)
  from space 9728K, 0% used [0x00000000df480000,0x00000000df480000,0x00000000dfe00000)
  to   space 12288K, 0% used [0x00000000de600000,0x00000000de600000,0x00000000df200000)
 ParOldGen       total 91136K, used 38938K [0x0000000080000000, 0x0000000085900000, 0x00000000d5580000)
  object space 91136K, 42% used [0x0000000080000000,0x0000000082606840,0x0000000085900000)
 Metaspace       used 58587K, capacity 61068K, committed 61204K, reserved 1101824K
  class space    used 7950K, capacity 8473K, committed 8508K, reserved 1048576K
GC Heap History (10 events):
Event: 13.351 GC heap before
{Heap before GC invocations=11 (full 2):
 PSYoungGen      total 117760K, used 8593K [0x00000000d5580000, 0x00000000e0000000, 0x0000000100000000)
  eden space 105984K, 0% used [0x00000000d5580000,0x00000000d5580000,0x00000000dbd00000)
  from space 11776K, 72% used [0x00000000dbd00000,0x00000000dc564698,0x00000000dc880000)
  to   space 11776K, 0% used [0x00000000df480000,0x00000000df480000,0x00000000e0000000)
 ParOldGen       total 57856K, used 9040K [0x0000000080000000, 0x0000000083880000, 0x00000000d5580000)
  object space 57856K, 15% used [0x0000000080000000,0x00000000808d4028,0x0000000083880000)
 Metaspace       used 34037K, capacity 35262K, committed 35416K, reserved 1079296K
  class space    used 4584K, capacity 4884K, committed 4992K, reserved 1048576K
Event: 13.590 GC heap after
Heap after GC invocations=11 (full 2):
 PSYoungGen      total 117760K, used 0K [0x00000000d5580000, 0x00000000e0000000, 0x0000000100000000)
  eden space 105984K, 0% used [0x00000000d5580000,0x00000000d5580000,0x00000000dbd00000)
  from space 11776K, 0% used [0x00000000dbd00000,0x00000000dbd00000,0x00000000dc880000)
  to   space 11776K, 0% used [0x00000000df480000,0x00000000df480000,0x00000000e0000000)
 ParOldGen       total 91136K, used 15071K [0x0000000080000000, 0x0000000085900000, 0x00000000d5580000)
  object space 91136K, 16% used [0x0000000080000000,0x0000000080eb7e68,0x0000000085900000)
 Metaspace       used 34037K, capacity 35262K, committed 35416K, reserved 1079296K
  class space    used 4584K, capacity 4884K, committed 4992K, reserved 1048576K
}
Event: 16.305 GC heap before
{Heap before GC invocations=12 (full 2):
 PSYoungGen      total 117760K, used 105984K [0x00000000d5580000, 0x00000000e0000000, 0x0000000100000000)
  eden space 105984K, 100% used [0x00000000d5580000,0x00000000dbd00000,0x00000000dbd00000)
  from space 11776K, 0% used [0x00000000dbd00000,0x00000000dbd00000,0x00000000dc880000)
  to   space 11776K, 0% used [0x00000000df480000,0x00000000df480000,0x00000000e0000000)
 ParOldGen       total 91136K, used 15071K [0x0000000080000000, 0x0000000085900000, 0x00000000d5580000)
  object space 91136K, 16% used [0x0000000080000000,0x0000000080eb7e68,0x0000000085900000)
 Metaspace       used 38685K, capacity 40490K, committed 40792K, reserved 1085440K
  class space    used 5322K, capacity 5706K, committed 5760K, reserved 1048576K
Event: 16.330 GC heap after
Heap after GC invocations=12 (full 2):
 PSYoungGen      total 139264K, used 9345K [0x00000000d5580000, 0x00000000dfe00000, 0x0000000100000000)
  eden space 129536K, 0% used [0x00000000d5580000,0x00000000d5580000,0x00000000dd400000)
  from space 9728K, 96% used [0x00000000df480000,0x00000000dfda0438,0x00000000dfe00000)
  to   space 12288K, 0% used [0x00000000de600000,0x00000000de600000,0x00000000df200000)
 ParOldGen       total 91136K, used 15079K [0x0000000080000000, 0x0000000085900000, 0x00000000d5580000)
  object space 91136K, 16% used [0x0000000080000000,0x0000000080eb9e68,0x0000000085900000)
 Metaspace       used 38685K, capacity 40490K, committed 40792K, reserved 1085440K
  class space    used 5322K, capacity 5706K, committed 5760K, reserved 1048576K
}
Event: 19.246 GC heap before
{Heap before GC invocations=13 (full 2):
 PSYoungGen      total 139264K, used 138881K [0x00000000d5580000, 0x00000000dfe00000, 0x0000000100000000)
  eden space 129536K, 100% used [0x00000000d5580000,0x00000000dd400000,0x00000000dd400000)
  from space 9728K, 96% used [0x00000000df480000,0x00000000dfda0438,0x00000000dfe00000)
  to   space 12288K, 0% used [0x00000000de600000,0x00000000de600000,0x00000000df200000)
 ParOldGen       total 91136K, used 15079K [0x0000000080000000, 0x0000000085900000, 0x00000000d5580000)
  object space 91136K, 16% used [0x0000000080000000,0x0000000080eb9e68,0x0000000085900000)
 Metaspace       used 48103K, capacity 50190K, committed 50520K, reserved 1093632K
  class space    used 6495K, capacity 6917K, committed 7040K, reserved 1048576K
Event: 19.321 GC heap after
Heap after GC invocations=13 (full 2):
 PSYoungGen      total 141824K, used 12284K [0x00000000d5580000, 0x00000000dfe00000, 0x0000000100000000)
  eden space 129536K, 0% used [0x00000000d5580000,0x00000000d5580000,0x00000000dd400000)
  from space 12288K, 99% used [0x00000000de600000,0x00000000df1ff300,0x00000000df200000)
  to   space 9728K, 0% used [0x00000000df480000,0x00000000df480000,0x00000000dfe00000)
 ParOldGen       total 91136K, used 21351K [0x0000000080000000, 0x0000000085900000, 0x00000000d5580000)
  object space 91136K, 23% used [0x0000000080000000,0x00000000814d9f60,0x0000000085900000)
 Metaspace       used 48103K, capacity 50190K, committed 50520K, reserved 1093632K
  class space    used 6495K, capacity 6917K, committed 7040K, reserved 1048576K
}
Event: 22.898 GC heap before
{Heap before GC invocations=14 (full 2):
 PSYoungGen      total 141824K, used 119290K [0x00000000d5580000, 0x00000000dfe00000, 0x0000000100000000)
  eden space 129536K, 82% used [0x00000000d5580000,0x00000000dbdff7b0,0x00000000dd400000)
  from space 12288K, 99% used [0x00000000de600000,0x00000000df1ff300,0x00000000df200000)
  to   space 9728K, 0% used [0x00000000df480000,0x00000000df480000,0x00000000dfe00000)
 ParOldGen       total 91136K, used 21351K [0x0000000080000000, 0x0000000085900000, 0x00000000d5580000)
  object space 91136K, 23% used [0x0000000080000000,0x00000000814d9f60,0x0000000085900000)
 Metaspace       used 56622K, capacity 58982K, committed 59028K, reserved 1099776K
  class space    used 7596K, capacity 8087K, committed 8124K, reserved 1048576K
Event: 23.000 GC heap after
Heap after GC invocations=14 (full 2):
 PSYoungGen      total 139264K, used 9728K [0x00000000d5580000, 0x00000000dfe00000, 0x0000000100000000)
  eden space 129536K, 0% used [0x00000000d5580000,0x00000000d5580000,0x00000000dd400000)
  from space 9728K, 100% used [0x00000000df480000,0x00000000dfe00000,0x00000000dfe00000)
  to   space 12288K, 0% used [0x00000000de600000,0x00000000de600000,0x00000000df200000)
 ParOldGen       total 91136K, used 36932K [0x0000000080000000, 0x0000000085900000, 0x00000000d5580000)
  object space 91136K, 40% used [0x0000000080000000,0x0000000082411080,0x0000000085900000)
 Metaspace       used 56622K, capacity 58982K, committed 59028K, reserved 1099776K
  class space    used 7596K, capacity 8087K, committed 8124K, reserved 1048576K
}
Event: 23.001 GC heap before
{Heap before GC invocations=15 (full 3):
 PSYoungGen      total 139264K, used 9728K [0x00000000d5580000, 0x00000000dfe00000, 0x0000000100000000)
  eden space 129536K, 0% used [0x00000000d5580000,0x00000000d5580000,0x00000000dd400000)
  from space 9728K, 100% used [0x00000000df480000,0x00000000dfe00000,0x00000000dfe00000)
  to   space 12288K, 0% used [0x00000000de600000,0x00000000de600000,0x00000000df200000)
 ParOldGen       total 91136K, used 36932K [0x0000000080000000, 0x0000000085900000, 0x00000000d5580000)
  object space 91136K, 40% used [0x0000000080000000,0x0000000082411080,0x0000000085900000)
 Metaspace       used 56622K, capacity 58982K, committed 59028K, reserved 1099776K
  class space    used 7596K, capacity 8087K, committed 8124K, reserved 1048576K
Event: 23.488 GC heap after
Heap after GC invocations=15 (full 3):
 PSYoungGen      total 139264K, used 0K [0x00000000d5580000, 0x00000000dfe00000, 0x0000000100000000)
  eden space 129536K, 0% used [0x00000000d5580000,0x00000000d5580000,0x00000000dd400000)
  from space 9728K, 0% used [0x00000000df480000,0x00000000df480000,0x00000000dfe00000)
  to   space 12288K, 0% used [0x00000000de600000,0x00000000de600000,0x00000000df200000)
 ParOldGen       total 91136K, used 38938K [0x0000000080000000, 0x0000000085900000, 0x00000000d5580000)
  object space 91136K, 42% used [0x0000000080000000,0x0000000082606840,0x0000000085900000)
 Metaspace       used 56609K, capacity 58940K, committed 59028K, reserved 1099776K
  class space    used 7592K, capacity 8080K, committed 8124K, reserved 1048576K
}

