# JRE version: OpenJDK Runtime Environment (8.0_242-b01) (build 1.8.0_242-release-1644-b01)
# Java VM: OpenJDK 64-Bit Server VM (25.242-b01 mixed mode windows-amd64 compressed oops)
Heap:
 PSYoungGen      total 75776K, used 60567K [0x00000000d5f00000, 0x00000000dcc00000, 0x0000000100000000)
  eden space 57344K, 88% used [0x00000000d5f00000,0x00000000d90ccb50,0x00000000d9700000)
  from space 18432K, 51% used [0x00000000d9700000,0x00000000da0591d8,0x00000000da900000)
  to   space 17408K, 0% used [0x00000000dbb00000,0x00000000dbb00000,0x00000000dcc00000)
 ParOldGen       total 162816K, used 22409K [0x0000000081c00000, 0x000000008bb00000, 0x00000000d5f00000)
  object space 162816K, 13% used [0x0000000081c00000,0x00000000831e2600,0x000000008bb00000)
 Metaspace       used 44375K, capacity 45058K, committed 45440K, reserved 1091584K
  class space    used 5497K, capacity 5685K, committed 5760K, reserved 1048576K
GC Heap History (10 events):
Event: 2.979 GC heap before
{Heap before GC invocations=6 (full 2):
 PSYoungGen      total 50688K, used 5092K [0x00000000d5f00000, 0x00000000d9880000, 0x0000000100000000)
  eden space 45568K, 0% used [0x00000000d5f00000,0x00000000d5f00000,0x00000000d8b80000)
  from space 5120K, 99% used [0x00000000d9080000,0x00000000d9579030,0x00000000d9580000)
  to   space 5120K, 0% used [0x00000000d8b80000,0x00000000d8b80000,0x00000000d9080000)
 ParOldGen       total 61952K, used 11428K [0x0000000081c00000, 0x0000000085880000, 0x00000000d5f00000)
  object space 61952K, 18% used [0x0000000081c00000,0x0000000082729310,0x0000000085880000)
 Metaspace       used 20831K, capacity 21220K, committed 21248K, reserved 1071104K
  class space    used 2434K, capacity 2557K, committed 2560K, reserved 1048576K
Event: 3.044 GC heap after
Heap after GC invocations=6 (full 2):
 PSYoungGen      total 50688K, used 0K [0x00000000d5f00000, 0x00000000d9880000, 0x0000000100000000)
  eden space 45568K, 0% used [0x00000000d5f00000,0x00000000d5f00000,0x00000000d8b80000)
  from space 5120K, 0% used [0x00000000d9080000,0x00000000d9080000,0x00000000d9580000)
  to   space 5120K, 0% used [0x00000000d8b80000,0x00000000d8b80000,0x00000000d9080000)
 ParOldGen       total 61952K, used 8120K [0x0000000081c00000, 0x0000000085880000, 0x00000000d5f00000)
  object space 61952K, 13% used [0x0000000081c00000,0x00000000823ee188,0x0000000085880000)
 Metaspace       used 20831K, capacity 21220K, committed 21248K, reserved 1071104K
  class space    used 2434K, capacity 2557K, committed 2560K, reserved 1048576K
}
Event: 9.009 GC heap before
{Heap before GC invocations=7 (full 2):
 PSYoungGen      total 50688K, used 45568K [0x00000000d5f00000, 0x00000000d9880000, 0x0000000100000000)
  eden space 45568K, 100% used [0x00000000d5f00000,0x00000000d8b80000,0x00000000d8b80000)
  from space 5120K, 0% used [0x00000000d9080000,0x00000000d9080000,0x00000000d9580000)
  to   space 5120K, 0% used [0x00000000d8b80000,0x00000000d8b80000,0x00000000d9080000)
 ParOldGen       total 61952K, used 8120K [0x0000000081c00000, 0x0000000085880000, 0x00000000d5f00000)
  object space 61952K, 13% used [0x0000000081c00000,0x00000000823ee188,0x0000000085880000)
 Metaspace       used 26463K, capacity 26953K, committed 27136K, reserved 1077248K
  class space    used 3151K, capacity 3307K, committed 3328K, reserved 1048576K
Event: 9.019 GC heap after
Heap after GC invocations=7 (full 2):
 PSYoungGen      total 50688K, used 5091K [0x00000000d5f00000, 0x00000000db700000, 0x0000000100000000)
  eden space 45568K, 0% used [0x00000000d5f00000,0x00000000d5f00000,0x00000000d8b80000)
  from space 5120K, 99% used [0x00000000d8b80000,0x00000000d9078c70,0x00000000d9080000)
  to   space 14336K, 0% used [0x00000000da900000,0x00000000da900000,0x00000000db700000)
 ParOldGen       total 61952K, used 13770K [0x0000000081c00000, 0x0000000085880000, 0x00000000d5f00000)
  object space 61952K, 22% used [0x0000000081c00000,0x0000000082972b28,0x0000000085880000)
 Metaspace       used 26463K, capacity 26953K, committed 27136K, reserved 1077248K
  class space    used 3151K, capacity 3307K, committed 3328K, reserved 1048576K
}
Event: 10.731 GC heap before
{Heap before GC invocations=8 (full 2):
 PSYoungGen      total 50688K, used 49004K [0x00000000d5f00000, 0x00000000db700000, 0x0000000100000000)
  eden space 45568K, 96% used [0x00000000d5f00000,0x00000000d89e2398,0x00000000d8b80000)
  from space 5120K, 99% used [0x00000000d8b80000,0x00000000d9078c70,0x00000000d9080000)
  to   space 14336K, 0% used [0x00000000da900000,0x00000000da900000,0x00000000db700000)
 ParOldGen       total 61952K, used 13770K [0x0000000081c00000, 0x0000000085880000, 0x00000000d5f00000)
  object space 61952K, 22% used [0x0000000081c00000,0x0000000082972b28,0x0000000085880000)
 Metaspace       used 34743K, capacity 35214K, committed 35416K, reserved 1083392K
  class space    used 4375K, capacity 4511K, committed 4608K, reserved 1048576K
Event: 10.771 GC heap after
Heap after GC invocations=8 (full 2):
 PSYoungGen      total 71680K, used 14304K [0x00000000d5f00000, 0x00000000dc180000, 0x0000000100000000)
  eden space 57344K, 0% used [0x00000000d5f00000,0x00000000d5f00000,0x00000000d9700000)
  from space 14336K, 99% used [0x00000000da900000,0x00000000db6f8348,0x00000000db700000)
  to   space 18432K, 0% used [0x00000000d9700000,0x00000000d9700000,0x00000000da900000)
 ParOldGen       total 61952K, used 16414K [0x0000000081c00000, 0x0000000085880000, 0x00000000d5f00000)
  object space 61952K, 26% used [0x0000000081c00000,0x0000000082c07808,0x0000000085880000)
 Metaspace       used 34743K, capacity 35214K, committed 35416K, reserved 1083392K
  class space    used 4375K, capacity 4511K, committed 4608K, reserved 1048576K
}
Event: 10.771 GC heap before
{Heap before GC invocations=9 (full 3):
 PSYoungGen      total 71680K, used 14304K [0x00000000d5f00000, 0x00000000dc180000, 0x0000000100000000)
  eden space 57344K, 0% used [0x00000000d5f00000,0x00000000d5f00000,0x00000000d9700000)
  from space 14336K, 99% used [0x00000000da900000,0x00000000db6f8348,0x00000000db700000)
  to   space 18432K, 0% used [0x00000000d9700000,0x00000000d9700000,0x00000000da900000)
 ParOldGen       total 61952K, used 16414K [0x0000000081c00000, 0x0000000085880000, 0x00000000d5f00000)
  object space 61952K, 26% used [0x0000000081c00000,0x0000000082c07808,0x0000000085880000)
 Metaspace       used 34743K, capacity 35214K, committed 35416K, reserved 1083392K
  class space    used 4375K, capacity 4511K, committed 4608K, reserved 1048576K
Event: 11.008 GC heap after
Heap after GC invocations=9 (full 3):
 PSYoungGen      total 71680K, used 0K [0x00000000d5f00000, 0x00000000dc180000, 0x0000000100000000)
  eden space 57344K, 0% used [0x00000000d5f00000,0x00000000d5f00000,0x00000000d9700000)
  from space 14336K, 0% used [0x00000000da900000,0x00000000da900000,0x00000000db700000)
  to   space 18432K, 0% used [0x00000000d9700000,0x00000000d9700000,0x00000000da900000)
 ParOldGen       total 162816K, used 22332K [0x0000000081c00000, 0x000000008bb00000, 0x00000000d5f00000)
  object space 162816K, 13% used [0x0000000081c00000,0x00000000831cf050,0x000000008bb00000)
 Metaspace       used 34743K, capacity 35214K, committed 35416K, reserved 1083392K
  class space    used 4375K, capacity 4511K, committed 4608K, reserved 1048576K
}
Event: 13.320 GC heap before
{Heap before GC invocations=10 (full 3):
 PSYoungGen      total 71680K, used 57344K [0x00000000d5f00000, 0x00000000dc180000, 0x0000000100000000)
  eden space 57344K, 100% used [0x00000000d5f00000,0x00000000d9700000,0x00000000d9700000)
  from space 14336K, 0% used [0x00000000da900000,0x00000000da900000,0x00000000db700000)
  to   space 18432K, 0% used [0x00000000d9700000,0x00000000d9700000,0x00000000da900000)
 ParOldGen       total 162816K, used 22332K [0x0000000081c00000, 0x000000008bb00000, 0x00000000d5f00000)
  object space 162816K, 13% used [0x0000000081c00000,0x00000000831cf050,0x000000008bb00000)
 Metaspace       used 41062K, capacity 41684K, committed 42112K, reserved 1089536K
  class space    used 5246K, capacity 5404K, committed 5504K, reserved 1048576K
Event: 13.337 GC heap after
Heap after GC invocations=10 (full 3):
 PSYoungGen      total 75776K, used 9572K [0x00000000d5f00000, 0x00000000dcc00000, 0x0000000100000000)
  eden space 57344K, 0% used [0x00000000d5f00000,0x00000000d5f00000,0x00000000d9700000)
  from space 18432K, 51% used [0x00000000d9700000,0x00000000da0591d8,0x00000000da900000)
  to   space 17408K, 0% used [0x00000000dbb00000,0x00000000dbb00000,0x00000000dcc00000)
 ParOldGen       total 162816K, used 22409K [0x0000000081c00000, 0x000000008bb00000, 0x00000000d5f00000)
  object space 162816K, 13% used [0x0000000081c00000,0x00000000831e2600,0x000000008bb00000)
 Metaspace       used 41062K, capacity 41684K, committed 42112K, reserved 1089536K
  class space    used 5246K, capacity 5404K, committed 5504K, reserved 1048576K
}

