# JRE version: OpenJDK Runtime Environment (8.0_242-b01) (build 1.8.0_242-release-1644-b01)
# Java VM: OpenJDK 64-Bit Server VM (25.242-b01 mixed mode windows-amd64 compressed oops)
Heap:
 PSYoungGen      total 140800K, used 36789K [0x00000000d5580000, 0x00000000de780000, 0x0000000100000000)
  eden space 133120K, 21% used [0x00000000d5580000,0x00000000d71ed8a8,0x00000000dd780000)
  from space 7680K, 99% used [0x00000000ddf80000,0x00000000de6ffb78,0x00000000de700000)
  to   space 8192K, 0% used [0x00000000dd780000,0x00000000dd780000,0x00000000ddf80000)
 ParOldGen       total 84480K, used 70848K [0x0000000080000000, 0x0000000085280000, 0x00000000d5580000)
  object space 84480K, 83% used [0x0000000080000000,0x0000000084530328,0x0000000085280000)
 Metaspace       used 95799K, capacity 100968K, committed 101184K, reserved 1136640K
  class space    used 12697K, capacity 13577K, committed 13696K, reserved 1048576K
GC Heap History (10 events):
Event: 4575.567 GC heap before
{Heap before GC invocations=54 (full 3):
 PSYoungGen      total 140800K, used 138707K [0x00000000d5580000, 0x00000000de780000, 0x0000000100000000)
  eden space 133120K, 100% used [0x00000000d5580000,0x00000000dd780000,0x00000000dd780000)
  from space 7680K, 72% used [0x00000000ddf80000,0x00000000de4f4c90,0x00000000de700000)
  to   space 8192K, 0% used [0x00000000dd780000,0x00000000dd780000,0x00000000ddf80000)
 ParOldGen       total 84480K, used 70436K [0x0000000080000000, 0x0000000085280000, 0x00000000d5580000)
  object space 84480K, 83% used [0x0000000080000000,0x00000000844c91a8,0x0000000085280000)
 Metaspace       used 93063K, capacity 98102K, committed 98264K, reserved 1134592K
  class space    used 12341K, capacity 13188K, committed 13312K, reserved 1048576K
Event: 4575.597 GC heap after
Heap after GC invocations=54 (full 3):
 PSYoungGen      total 141312K, used 8190K [0x00000000d5580000, 0x00000000de780000, 0x0000000100000000)
  eden space 133120K, 0% used [0x00000000d5580000,0x00000000d5580000,0x00000000dd780000)
  from space 8192K, 99% used [0x00000000dd780000,0x00000000ddf7f900,0x00000000ddf80000)
  to   space 7680K, 0% used [0x00000000ddf80000,0x00000000ddf80000,0x00000000de700000)
 ParOldGen       total 84480K, used 71783K [0x0000000080000000, 0x0000000085280000, 0x00000000d5580000)
  object space 84480K, 84% used [0x0000000080000000,0x0000000084619fd0,0x0000000085280000)
 Metaspace       used 93063K, capacity 98102K, committed 98264K, reserved 1134592K
  class space    used 12341K, capacity 13188K, committed 13312K, reserved 1048576K
}
Event: 4576.002 GC heap before
{Heap before GC invocations=55 (full 3):
 PSYoungGen      total 141312K, used 28208K [0x00000000d5580000, 0x00000000de780000, 0x0000000100000000)
  eden space 133120K, 15% used [0x00000000d5580000,0x00000000d690caf8,0x00000000dd780000)
  from space 8192K, 99% used [0x00000000dd780000,0x00000000ddf7f900,0x00000000ddf80000)
  to   space 7680K, 0% used [0x00000000ddf80000,0x00000000ddf80000,0x00000000de700000)
 ParOldGen       total 84480K, used 71783K [0x0000000080000000, 0x0000000085280000, 0x00000000d5580000)
  object space 84480K, 84% used [0x0000000080000000,0x0000000084619fd0,0x0000000085280000)
 Metaspace       used 93352K, capacity 98436K, committed 98496K, reserved 1134592K
  class space    used 12393K, capacity 13273K, committed 13312K, reserved 1048576K
Event: 4576.023 GC heap after
Heap after GC invocations=55 (full 3):
 PSYoungGen      total 140800K, used 1697K [0x00000000d5580000, 0x00000000de780000, 0x0000000100000000)
  eden space 133120K, 0% used [0x00000000d5580000,0x00000000d5580000,0x00000000dd780000)
  from space 7680K, 22% used [0x00000000ddf80000,0x00000000de128668,0x00000000de700000)
  to   space 8192K, 0% used [0x00000000dd780000,0x00000000dd780000,0x00000000ddf80000)
 ParOldGen       total 84480K, used 76742K [0x0000000080000000, 0x0000000085280000, 0x00000000d5580000)
  object space 84480K, 90% used [0x0000000080000000,0x0000000084af18d0,0x0000000085280000)
 Metaspace       used 93352K, capacity 98436K, committed 98496K, reserved 1134592K
  class space    used 12393K, capacity 13273K, committed 13312K, reserved 1048576K
}
Event: 4576.023 GC heap before
{Heap before GC invocations=56 (full 4):
 PSYoungGen      total 140800K, used 1697K [0x00000000d5580000, 0x00000000de780000, 0x0000000100000000)
  eden space 133120K, 0% used [0x00000000d5580000,0x00000000d5580000,0x00000000dd780000)
  from space 7680K, 22% used [0x00000000ddf80000,0x00000000de128668,0x00000000de700000)
  to   space 8192K, 0% used [0x00000000dd780000,0x00000000dd780000,0x00000000ddf80000)
 ParOldGen       total 84480K, used 76742K [0x0000000080000000, 0x0000000085280000, 0x00000000d5580000)
  object space 84480K, 90% used [0x0000000080000000,0x0000000084af18d0,0x0000000085280000)
 Metaspace       used 93352K, capacity 98436K, committed 98496K, reserved 1134592K
  class space    used 12393K, capacity 13273K, committed 13312K, reserved 1048576K
Event: 4576.611 GC heap after
Heap after GC invocations=56 (full 4):
 PSYoungGen      total 140800K, used 0K [0x00000000d5580000, 0x00000000de780000, 0x0000000100000000)
  eden space 133120K, 0% used [0x00000000d5580000,0x00000000d5580000,0x00000000dd780000)
  from space 7680K, 0% used [0x00000000ddf80000,0x00000000ddf80000,0x00000000de700000)
  to   space 8192K, 0% used [0x00000000dd780000,0x00000000dd780000,0x00000000ddf80000)
 ParOldGen       total 84480K, used 64231K [0x0000000080000000, 0x0000000085280000, 0x00000000d5580000)
  object space 84480K, 76% used [0x0000000080000000,0x0000000083eb9f18,0x0000000085280000)
 Metaspace       used 93254K, capacity 98220K, committed 98496K, reserved 1134592K
  class space    used 12363K, capacity 13227K, committed 13312K, reserved 1048576K
}
Event: 4587.770 GC heap before
{Heap before GC invocations=57 (full 4):
 PSYoungGen      total 140800K, used 133120K [0x00000000d5580000, 0x00000000de780000, 0x0000000100000000)
  eden space 133120K, 100% used [0x00000000d5580000,0x00000000dd780000,0x00000000dd780000)
  from space 7680K, 0% used [0x00000000ddf80000,0x00000000ddf80000,0x00000000de700000)
  to   space 8192K, 0% used [0x00000000dd780000,0x00000000dd780000,0x00000000ddf80000)
 ParOldGen       total 84480K, used 64231K [0x0000000080000000, 0x0000000085280000, 0x00000000d5580000)
  object space 84480K, 76% used [0x0000000080000000,0x0000000083eb9f18,0x0000000085280000)
 Metaspace       used 95491K, capacity 100668K, committed 100928K, reserved 1136640K
  class space    used 12676K, capacity 13573K, committed 13696K, reserved 1048576K
Event: 4587.789 GC heap after
Heap after GC invocations=57 (full 4):
 PSYoungGen      total 141312K, used 7907K [0x00000000d5580000, 0x00000000de780000, 0x0000000100000000)
  eden space 133120K, 0% used [0x00000000d5580000,0x00000000d5580000,0x00000000dd780000)
  from space 8192K, 96% used [0x00000000dd780000,0x00000000ddf38d88,0x00000000ddf80000)
  to   space 7680K, 0% used [0x00000000ddf80000,0x00000000ddf80000,0x00000000de700000)
 ParOldGen       total 84480K, used 64239K [0x0000000080000000, 0x0000000085280000, 0x00000000d5580000)
  object space 84480K, 76% used [0x0000000080000000,0x0000000083ebbf18,0x0000000085280000)
 Metaspace       used 95491K, capacity 100668K, committed 100928K, reserved 1136640K
  class space    used 12676K, capacity 13573K, committed 13696K, reserved 1048576K
}
Event: 4589.984 GC heap before
{Heap before GC invocations=58 (full 4):
 PSYoungGen      total 141312K, used 141027K [0x00000000d5580000, 0x00000000de780000, 0x0000000100000000)
  eden space 133120K, 100% used [0x00000000d5580000,0x00000000dd780000,0x00000000dd780000)
  from space 8192K, 96% used [0x00000000dd780000,0x00000000ddf38d88,0x00000000ddf80000)
  to   space 7680K, 0% used [0x00000000ddf80000,0x00000000ddf80000,0x00000000de700000)
 ParOldGen       total 84480K, used 64239K [0x0000000080000000, 0x0000000085280000, 0x00000000d5580000)
  object space 84480K, 76% used [0x0000000080000000,0x0000000083ebbf18,0x0000000085280000)
 Metaspace       used 95799K, capacity 100968K, committed 101184K, reserved 1136640K
  class space    used 12697K, capacity 13577K, committed 13696K, reserved 1048576K
Event: 4590.009 GC heap after
Heap after GC invocations=58 (full 4):
 PSYoungGen      total 140800K, used 7678K [0x00000000d5580000, 0x00000000de780000, 0x0000000100000000)
  eden space 133120K, 0% used [0x00000000d5580000,0x00000000d5580000,0x00000000dd780000)
  from space 7680K, 99% used [0x00000000ddf80000,0x00000000de6ffb78,0x00000000de700000)
  to   space 8192K, 0% used [0x00000000dd780000,0x00000000dd780000,0x00000000ddf80000)
 ParOldGen       total 84480K, used 70848K [0x0000000080000000, 0x0000000085280000, 0x00000000d5580000)
  object space 84480K, 83% used [0x0000000080000000,0x0000000084530328,0x0000000085280000)
 Metaspace       used 95799K, capacity 100968K, committed 101184K, reserved 1136640K
  class space    used 12697K, capacity 13577K, committed 13696K, reserved 1048576K
}

