# JRE version: OpenJDK Runtime Environment (8.0_242-b01) (build 1.8.0_242-release-1644-b01)
# Java VM: OpenJDK 64-Bit Server VM (25.242-b01 mixed mode windows-amd64 compressed oops)
Heap:
 PSYoungGen      total 81408K, used 63887K [0x00000000d5f00000, 0x00000000dd400000, 0x0000000100000000)
  eden space 66560K, 79% used [0x00000000d5f00000,0x00000000d92c5b90,0x00000000da000000)
  from space 14848K, 73% used [0x00000000da000000,0x00000000daa9e2d0,0x00000000dae80000)
  to   space 14848K, 0% used [0x00000000dc580000,0x00000000dc580000,0x00000000dd400000)
 ParOldGen       total 119296K, used 24495K [0x0000000081c00000, 0x0000000089080000, 0x00000000d5f00000)
  object space 119296K, 20% used [0x0000000081c00000,0x00000000833ebcb8,0x0000000089080000)
 Metaspace       used 44469K, capacity 45122K, committed 45440K, reserved 1089536K
  class space    used 5495K, capacity 5685K, committed 5760K, reserved 1048576K
GC Heap History (10 events):
Event: 3.702 GC heap before
{Heap before GC invocations=5 (full 1):
 PSYoungGen      total 38400K, used 33280K [0x00000000d5f00000, 0x00000000daa00000, 0x0000000100000000)
  eden space 33280K, 100% used [0x00000000d5f00000,0x00000000d7f80000,0x00000000d7f80000)
  from space 5120K, 0% used [0x00000000d7f80000,0x00000000d7f80000,0x00000000d8480000)
  to   space 5120K, 0% used [0x00000000da500000,0x00000000da500000,0x00000000daa00000)
 ParOldGen       total 66048K, used 8992K [0x0000000081c00000, 0x0000000085c80000, 0x00000000d5f00000)
  object space 66048K, 13% used [0x0000000081c00000,0x00000000824c80c8,0x0000000085c80000)
 Metaspace       used 24399K, capacity 24848K, committed 25088K, reserved 1071104K
  class space    used 2885K, capacity 3015K, committed 3072K, reserved 1048576K
Event: 3.711 GC heap after
Heap after GC invocations=5 (full 1):
 PSYoungGen      total 52224K, used 5100K [0x00000000d5f00000, 0x00000000daa00000, 0x0000000100000000)
  eden space 47104K, 0% used [0x00000000d5f00000,0x00000000d5f00000,0x00000000d8d00000)
  from space 5120K, 99% used [0x00000000da500000,0x00000000da9fb1c8,0x00000000daa00000)
  to   space 5120K, 0% used [0x00000000da000000,0x00000000da000000,0x00000000da500000)
 ParOldGen       total 66048K, used 11478K [0x0000000081c00000, 0x0000000085c80000, 0x00000000d5f00000)
  object space 66048K, 17% used [0x0000000081c00000,0x0000000082735bc8,0x0000000085c80000)
 Metaspace       used 24399K, capacity 24848K, committed 25088K, reserved 1071104K
  class space    used 2885K, capacity 3015K, committed 3072K, reserved 1048576K
}
Event: 5.254 GC heap before
{Heap before GC invocations=6 (full 1):
 PSYoungGen      total 52224K, used 52204K [0x00000000d5f00000, 0x00000000daa00000, 0x0000000100000000)
  eden space 47104K, 100% used [0x00000000d5f00000,0x00000000d8d00000,0x00000000d8d00000)
  from space 5120K, 99% used [0x00000000da500000,0x00000000da9fb1c8,0x00000000daa00000)
  to   space 5120K, 0% used [0x00000000da000000,0x00000000da000000,0x00000000da500000)
 ParOldGen       total 66048K, used 11478K [0x0000000081c00000, 0x0000000085c80000, 0x00000000d5f00000)
  object space 66048K, 17% used [0x0000000081c00000,0x0000000082735bc8,0x0000000085c80000)
 Metaspace       used 31972K, capacity 32411K, committed 32640K, reserved 1077248K
  class space    used 4018K, capacity 4142K, committed 4224K, reserved 1048576K
Event: 5.274 GC heap after
Heap after GC invocations=6 (full 1):
 PSYoungGen      total 71168K, used 5091K [0x00000000d5f00000, 0x00000000dbd80000, 0x0000000100000000)
  eden space 66048K, 0% used [0x00000000d5f00000,0x00000000d5f00000,0x00000000d9f80000)
  from space 5120K, 99% used [0x00000000da000000,0x00000000da4f8c60,0x00000000da500000)
  to   space 15360K, 0% used [0x00000000dae80000,0x00000000dae80000,0x00000000dbd80000)
 ParOldGen       total 66048K, used 22285K [0x0000000081c00000, 0x0000000085c80000, 0x00000000d5f00000)
  object space 66048K, 33% used [0x0000000081c00000,0x00000000831c3470,0x0000000085c80000)
 Metaspace       used 31972K, capacity 32411K, committed 32640K, reserved 1077248K
  class space    used 4018K, capacity 4142K, committed 4224K, reserved 1048576K
}
Event: 5.904 GC heap before
{Heap before GC invocations=7 (full 1):
 PSYoungGen      total 71168K, used 16819K [0x00000000d5f00000, 0x00000000dbd80000, 0x0000000100000000)
  eden space 66048K, 17% used [0x00000000d5f00000,0x00000000d6a74278,0x00000000d9f80000)
  from space 5120K, 99% used [0x00000000da000000,0x00000000da4f8c60,0x00000000da500000)
  to   space 15360K, 0% used [0x00000000dae80000,0x00000000dae80000,0x00000000dbd80000)
 ParOldGen       total 66048K, used 22285K [0x0000000081c00000, 0x0000000085c80000, 0x00000000d5f00000)
  object space 66048K, 33% used [0x0000000081c00000,0x00000000831c3470,0x0000000085c80000)
 Metaspace       used 34734K, capacity 35232K, committed 35496K, reserved 1081344K
  class space    used 4381K, capacity 4514K, committed 4608K, reserved 1048576K
Event: 5.916 GC heap after
Heap after GC invocations=7 (full 1):
 PSYoungGen      total 81920K, used 8459K [0x00000000d5f00000, 0x00000000dd780000, 0x0000000100000000)
  eden space 66560K, 0% used [0x00000000d5f00000,0x00000000d5f00000,0x00000000da000000)
  from space 15360K, 55% used [0x00000000dae80000,0x00000000db6c2c20,0x00000000dbd80000)
  to   space 14848K, 0% used [0x00000000da000000,0x00000000da000000,0x00000000dae80000)
 ParOldGen       total 66048K, used 22293K [0x0000000081c00000, 0x0000000085c80000, 0x00000000d5f00000)
  object space 66048K, 33% used [0x0000000081c00000,0x00000000831c5470,0x0000000085c80000)
 Metaspace       used 34734K, capacity 35232K, committed 35496K, reserved 1081344K
  class space    used 4381K, capacity 4514K, committed 4608K, reserved 1048576K
}
Event: 5.916 GC heap before
{Heap before GC invocations=8 (full 2):
 PSYoungGen      total 81920K, used 8459K [0x00000000d5f00000, 0x00000000dd780000, 0x0000000100000000)
  eden space 66560K, 0% used [0x00000000d5f00000,0x00000000d5f00000,0x00000000da000000)
  from space 15360K, 55% used [0x00000000dae80000,0x00000000db6c2c20,0x00000000dbd80000)
  to   space 14848K, 0% used [0x00000000da000000,0x00000000da000000,0x00000000dae80000)
 ParOldGen       total 66048K, used 22293K [0x0000000081c00000, 0x0000000085c80000, 0x00000000d5f00000)
  object space 66048K, 33% used [0x0000000081c00000,0x00000000831c5470,0x0000000085c80000)
 Metaspace       used 34734K, capacity 35232K, committed 35496K, reserved 1081344K
  class space    used 4381K, capacity 4514K, committed 4608K, reserved 1048576K
Event: 6.020 GC heap after
Heap after GC invocations=8 (full 2):
 PSYoungGen      total 81920K, used 0K [0x00000000d5f00000, 0x00000000dd780000, 0x0000000100000000)
  eden space 66560K, 0% used [0x00000000d5f00000,0x00000000d5f00000,0x00000000da000000)
  from space 15360K, 0% used [0x00000000dae80000,0x00000000dae80000,0x00000000dbd80000)
  to   space 14848K, 0% used [0x00000000da000000,0x00000000da000000,0x00000000dae80000)
 ParOldGen       total 119296K, used 24417K [0x0000000081c00000, 0x0000000089080000, 0x00000000d5f00000)
  object space 119296K, 20% used [0x0000000081c00000,0x00000000833d8708,0x0000000089080000)
 Metaspace       used 34734K, capacity 35232K, committed 35496K, reserved 1081344K
  class space    used 4381K, capacity 4514K, committed 4608K, reserved 1048576K
}
Event: 7.855 GC heap before
{Heap before GC invocations=9 (full 2):
 PSYoungGen      total 81920K, used 66560K [0x00000000d5f00000, 0x00000000dd780000, 0x0000000100000000)
  eden space 66560K, 100% used [0x00000000d5f00000,0x00000000da000000,0x00000000da000000)
  from space 15360K, 0% used [0x00000000dae80000,0x00000000dae80000,0x00000000dbd80000)
  to   space 14848K, 0% used [0x00000000da000000,0x00000000da000000,0x00000000dae80000)
 ParOldGen       total 119296K, used 24417K [0x0000000081c00000, 0x0000000089080000, 0x00000000d5f00000)
  object space 119296K, 20% used [0x0000000081c00000,0x00000000833d8708,0x0000000089080000)
 Metaspace       used 41525K, capacity 42118K, committed 42368K, reserved 1085440K
  class space    used 5273K, capacity 5439K, committed 5504K, reserved 1048576K
Event: 7.874 GC heap after
Heap after GC invocations=9 (full 2):
 PSYoungGen      total 81408K, used 10872K [0x00000000d5f00000, 0x00000000dd400000, 0x0000000100000000)
  eden space 66560K, 0% used [0x00000000d5f00000,0x00000000d5f00000,0x00000000da000000)
  from space 14848K, 73% used [0x00000000da000000,0x00000000daa9e2d0,0x00000000dae80000)
  to   space 14848K, 0% used [0x00000000dc580000,0x00000000dc580000,0x00000000dd400000)
 ParOldGen       total 119296K, used 24495K [0x0000000081c00000, 0x0000000089080000, 0x00000000d5f00000)
  object space 119296K, 20% used [0x0000000081c00000,0x00000000833ebcb8,0x0000000089080000)
 Metaspace       used 41525K, capacity 42118K, committed 42368K, reserved 1085440K
  class space    used 5273K, capacity 5439K, committed 5504K, reserved 1048576K
}

